<?xml version="1.0" encoding="UTF-8"?>
<testng-results skipped="0" failed="0" total="2" passed="2">
  <reporter-output>
  </reporter-output>
  <suite name="Default suite" duration-ms="33367" started-at="2020-05-05T13:28:05Z" finished-at="2020-05-05T13:28:39Z">
    <groups>
    </groups>
    <test name="Default test" duration-ms="33367" started-at="2020-05-05T13:28:05Z" finished-at="2020-05-05T13:28:39Z">
      <class name="signinFlow.UserSignIn">
        <test-method status="PASS" signature="testSignUp()[pri:1, instance:signinFlow.UserSignIn@c7a4e4]" name="testSignUp" duration-ms="14441" started-at="2020-05-05T14:28:05Z" finished-at="2020-05-05T14:28:20Z">
          <reporter-output>
          </reporter-output>
        </test-method> <!-- testSignUp -->
        <test-method status="PASS" signature="launchBrowser()[pri:2, instance:signinFlow.UserSignIn@c7a4e4]" name="launchBrowser" duration-ms="18860" started-at="2020-05-05T14:28:20Z" finished-at="2020-05-05T14:28:39Z">
          <reporter-output>
          </reporter-output>
        </test-method> <!-- launchBrowser -->
      </class> <!-- signinFlow.UserSignIn -->
    </test> <!-- Default test -->
  </suite> <!-- Default suite -->
</testng-results>
